#======================================================================#
#| [1m            Welcome to ForceBalance version 1.9.4! =D             [0m |#
#| [1m                 Force Field Optimization System                  [0m |#
#| [1m                                                                  [0m |#
#| [1m                             Authors:                             [0m |#
#| [1m                          Lee-Ping Wang                           [0m |#
#| [1m                  Yudong Qiu, Keri A. McKiernan                   [0m |#
#| [1m          Jeffrey R. Wagner, Hyesu Jang, Simon Boothroyd          [0m |#
#| [1m          Arthur Vigil, Erik G. Brandt, John Stoppelman           [0m |#
#| [1m                  Johnny Israeli, Matt Thompson                   [0m |#
#======================================================================#

                          [44m     [0m
                       [44m        [0m      [43m     [0m
                    [44m        [0m   [44m  [0m    [43m         [0m
                 [44m       [0m    [44m      [0m      [43m         [0m
             [44m        [0m    [44m        [0m          [43m         [0m
          [44m        [0m    [44m        [0m                 [43m        [0m
       [44m        [0m    [44m       [0m                        [43m        [0m
    [44m        [0m   [44m        [0m                              [43m         [0m
   [44m      [0m   [44m        [0m               `.:+@@###@'          [43m         [0m
    [44m [0m    [44m        [0m          ,;'+###############.             [43m     [0m
      [44m        [0m         +################':`                    [43m [0m
      [44m     [0m              `.,,...####+.
                                ,#####      +##.               [44m   [0m   [44m   [0m
 [43m    [0m                            #####      ######             [44m   [0m   [44m   [0m
 [43m    [0m                ###'        ####'     :#####'             [44m   [0m   [44m   [0m
 [43m    [0m                :####@      ####.    ,####'               [44m   [0m   [44m   [0m
 [43m    [0m                 ######     ####    +###+                 [44m   [0m   [44m   [0m
 [43m    [0m                  #####     ####   ###;                   [44m   [0m   [44m   [0m
 [43m    [0m                   :##      ####  ++`                     [44m   [0m   [44m   [0m
 [43m    [0m                            ####``..:;+##############+`   [44m   [0m   [44m   [0m
 [43m    [0m             .,:;;'++##################################`  [44m   [0m   [44m   [0m
 [43m    [0m    `############################++++''';;;;;;;;;;;'';    [44m   [0m   [44m   [0m
 [43m    [0m      ,########':,.``       ####                          [44m   [0m   [44m   [0m
 [43m    [0m                            ####                          [44m   [0m   [44m   [0m
 [43m    [0m                            ####                          [44m   [0m   [44m   [0m
 [43m    [0m                            ####                          [44m   [0m   [44m   [0m
 [43m    [0m                            ####                          [44m   [0m   [44m   [0m
 [43m    [0m                            ####                          [44m   [0m   [44m   [0m
 [43m    [0m                            ####                          [44m   [0m   [44m   [0m
 [43m    [0m                            ####                          [44m   [0m   [44m   [0m
      [44m    [0m                       ####
     [44m        [0m                    ####
    [44m [0m    [44m       [0m                 ####                       [43m     [0m
   [44m     [0m    [44m        [0m             ####                    [43m        [0m
   [44m        [0m    [44m        [0m          ###                  [43m         [0m
      [44m        [0m    [44m        [0m        +`               [43m        [0m
          [44m        [0m   [44m        [0m                   [43m        [0m
             [44m        [0m   [44m         [0m           [43m         [0m
                [44m        [0m    [44m       [0m      [43m         [0m
                   [44m        [0m    [44m   [0m    [43m        [0m
                      [44m        [0m       [43m      [0m
                          [44m      [0m      [43m  [0m
                             [44m  [0m

Reading options from file: optimize.in
#========================================================#
#| [95m  Options at their default values are not printed   [0m |#
#| [95m        Use 'verbose_options True' to Enable        [0m |#
#========================================================#
> [0;32m//Users/mattthompson/software/openff-forcebalance/bin/ForceBalance.py[0m(42)[0;36mRun_ForceBalance[0;34m()[0m
[0;32m     41 [0;31m        [0;31m## Set the continue_ option.[0m[0;34m[0m[0;34m[0m[0m
[0m[0;32m---> 42 [0;31m        [0;32mif[0m [0mcontinue_[0m[0;34m:[0m[0;34m[0m[0;34m[0m[0m
[0m[0;32m     43 [0;31m            [0moptions[0m[0;34m[[0m[0;34m"continue"[0m[0;34m][0m [0;34m=[0m [0;32mTrue[0m[0;34m[0m[0;34m[0m[0m
[0m
ipdb> *** NameError: name 'self' is not defined
ipdb> Reading force field from file: smirnoff99Frosst.offxml
#=========================================================#
#| [92m Starting parameter indices, physical values and IDs [0m |#
#=========================================================#
   0 [  1.6000e-01 ] : ProperTorsions/Proper/k1/[#6X4:1]-[#6X4:2]-[#8X2H1:3]-[#1:4]
   1 [  2.5000e-01 ] : ProperTorsions/Proper/k2/[#6X4:1]-[#6X4:2]-[#8X2H1:3]-[#1:4]
   2 [  1.4870e+00 ] : vdW/Atom/rmin_half/[#1:1]-[#6X4]
   3 [  1.5700e-02 ] : vdW/Atom/epsilon/[#1:1]-[#6X4]
   4 [  1.3870e+00 ] : vdW/Atom/rmin_half/[#1:1]-[#6X4]-[#7,#8,#9,#16,#17,#35]
   5 [  1.5700e-02 ] : vdW/Atom/epsilon/[#1:1]-[#6X4]-[#7,#8,#9,#16,#17,#35]
   6 [  5.2700e-05 ] : vdW/Atom/epsilon/[#1:1]-[#8]
   7 [  1.9080e+00 ] : vdW/Atom/rmin_half/[#6X4:1]
   8 [  1.0940e-01 ] : vdW/Atom/epsilon/[#6X4:1]
   9 [  1.7210e+00 ] : vdW/Atom/rmin_half/[#8X2H1+0:1]
  10 [  2.1040e-01 ] : vdW/Atom/epsilon/[#8X2H1+0:1]
-----------------------------------------------------------
#=========================================================#
#| [91m Rescaling Factors by Type (Lower Takes Precedence): [0m |#
#=========================================================#
   ProperTorsions/Proper/k1             : 1.60000e-01
   ProperTorsions/Proper/k2             : 2.50000e-01
   ProperTorsions/Proper/k              : 1.00000e+00
   vdW/Atom/epsilon                     : 1.00000e-01
   vdW/Atom/rmin_half                   : 1.00000e+00
-----------------------------------------------------------
#========================================================#
#| [91m   Rescaling Types / Factors by Parameter Number:   [0m |#
#========================================================#
   0 [    ProperTorsions/Proper/k       : 1.00000e+00 ] : ProperTorsions/Proper/k1/[#6X4:1]-[#6X4:2]-[#8X2H1:3]-[#1:4]
   1 [    ProperTorsions/Proper/k       : 1.00000e+00 ] : ProperTorsions/Proper/k2/[#6X4:1]-[#6X4:2]-[#8X2H1:3]-[#1:4]
   2 [    vdW/Atom/rmin_half            : 1.00000e+00 ] : vdW/Atom/rmin_half/[#1:1]-[#6X4]
   3 [    vdW/Atom/epsilon              : 1.00000e-01 ] : vdW/Atom/epsilon/[#1:1]-[#6X4]
   4 [    vdW/Atom/rmin_half            : 1.00000e+00 ] : vdW/Atom/rmin_half/[#1:1]-[#6X4]-[#7,#8,#9,#16,#17,#35]
   5 [    vdW/Atom/epsilon              : 1.00000e-01 ] : vdW/Atom/epsilon/[#1:1]-[#6X4]-[#7,#8,#9,#16,#17,#35]
   6 [    vdW/Atom/epsilon              : 1.00000e-01 ] : vdW/Atom/epsilon/[#1:1]-[#8]
   7 [    vdW/Atom/rmin_half            : 1.00000e+00 ] : vdW/Atom/rmin_half/[#6X4:1]
   8 [    vdW/Atom/epsilon              : 1.00000e-01 ] : vdW/Atom/epsilon/[#6X4:1]
   9 [    vdW/Atom/rmin_half            : 1.00000e+00 ] : vdW/Atom/rmin_half/[#8X2H1+0:1]
  10 [    vdW/Atom/epsilon              : 1.00000e-01 ] : vdW/Atom/epsilon/[#8X2H1+0:1]
----------------------------------------------------------
#========================================================#
#| [92m               Setup for force field                [0m |#
#========================================================#
fnms                      ['smirnoff99Frosst.offxml']
priors                    OrderedDict([('ProperTorsions/Proper/k', 1.0), ('vdW/Atom/epsilon', 0.1), ('vdW/Atom/rmin_half', 1.0)])
----------------------------------------------------------
Backing up: optimize.tmp/ethanol-liquid to: optimize.bak/ethanol-liquid_13.tar.bz2
Autodetected 256 molecules with 9 atoms each in liquid coordinates
#========================================================#
#| [92m         Setup for target ethanol-liquid :          [0m |#
#========================================================#
force_cuda                0
mts_integrator            0
rpmd_beads                0
mol2                      ['ETH.mol2']
liquid_coords             liquid.pdb
gas_coords                gas.pdb
nvt_coords                surf.pdb
name                      ethanol-liquid
type                      LIQUID_SMIRNOFF
tgtdir                    targets/ethanol-liquid
w_rho                     1.0
w_hvap                    1.0
w_alpha                   1.0
w_kappa                   1.0
w_cp                      1.0
w_eps0                    1.0
w_normalize               0
liquid_eq_steps           50000
liquid_md_steps           500000
gas_eq_steps              2000000
gas_md_steps              20000000
liquid_timestep           2.0
liquid_interval           1.0
gas_timestep              0.5
gas_interval              1.0
adapt_errors              0
minimize_energy           1
self_pol_mu0              0.0
self_pol_alpha            0.0
anisotropic_box           0
w_surf_ten                0.0
nvt_eq_steps              10000
nvt_md_steps              100000
nvt_timestep              1.0
nvt_interval              0.1
pure_num_grad             0
liquid_fdiff_h            0.01
rho_denom                 30.0
hvap_denom                3.0
alpha_denom               1.0
kappa_denom               5.0
cp_denom                  2.0
eps0_denom                2.0
use_cvib_intra            False
use_cvib_inter            False
use_cni                   False
----------------------------------------------------------
Backing up: optimize.tmp/ethanol-torsiondrive to: optimize.bak/ethanol-torsiondrive_13.tar.bz2
Relative energy fitting: Subtracting (MM - QM) energy gap from all relative energy calculations - this is the default.
> [0;32m/Users/mattthompson/software/openff-forcebalance/openff/forcebalance/smirnoffio.py[0m(326)[0;36mreadsrc[0;34m()[0m
[0;32m    325 [0;31m        [0;32mimport[0m [0mipdb[0m[0;34m;[0m [0mipdb[0m[0;34m.[0m[0mset_trace[0m[0;34m([0m[0;34m)[0m[0;34m[0m[0;34m[0m[0m
[0m[0;32m--> 326 [0;31m        [0;32mif[0m [0mself[0m[0;34m.[0m[0mmol2[0m[0;34m:[0m[0;34m[0m[0;34m[0m[0m
[0m[0;32m    327 [0;31m            [0;32mfor[0m [0mfnm[0m [0;32min[0m [0mself[0m[0;34m.[0m[0mmol2[0m[0;34m:[0m[0;34m[0m[0;34m[0m[0m
[0m
ipdb> <class 'openff.forcebalance.smirnoffio.SMIRNOFF'>
ipdb> {'target': <openff.forcebalance.smirnoffio.AbInitio_SMIRNOFF object at 0x17b88d610>, 'mol': <openff.forcebalance.molecule.Molecule object at 0x17bb18f40>, 'vsite_bonds': 0}
ipdb> [1;32m    321 [0m        [0;31m# vs. the .mol2 files to be provided by the force field.[0m[0;34m[0m[0;34m[0m[0m
[1;32m    322 [0m        [0;31m# But we can assume that these files should exist when this function is called.[0m[0;34m[0m[0;34m[0m[0m
[1;32m    323 [0m[0;34m[0m[0m
[1;32m    324 [0m        [0mself[0m[0;34m.[0m[0mmol2[0m [0;34m=[0m [0mkwargs[0m[0;34m.[0m[0mget[0m[0;34m([0m[0;34m"mol2"[0m[0;34m)[0m[0;34m[0m[0;34m[0m[0m
[1;32m    325 [0m        [0;32mimport[0m [0mipdb[0m[0;34m;[0m [0mipdb[0m[0;34m.[0m[0mset_trace[0m[0;34m([0m[0;34m)[0m[0;34m[0m[0;34m[0m[0m
[0;32m--> 326 [0;31m        [0;32mif[0m [0mself[0m[0;34m.[0m[0mmol2[0m[0;34m:[0m[0;34m[0m[0;34m[0m[0m
[0m[1;32m    327 [0m            [0;32mfor[0m [0mfnm[0m [0;32min[0m [0mself[0m[0;34m.[0m[0mmol2[0m[0;34m:[0m[0;34m[0m[0;34m[0m[0m
[1;32m    328 [0m                [0;32mif[0m [0;32mnot[0m [0mos[0m[0;34m.[0m[0mpath[0m[0;34m.[0m[0mexists[0m[0;34m([0m[0mfnm[0m[0;34m)[0m[0;34m:[0m[0;34m[0m[0;34m[0m[0m
[1;32m    329 [0m                    [0;32mif[0m [0mhasattr[0m[0;34m([0m[0mself[0m[0;34m,[0m [0;34m"FF"[0m[0;34m)[0m [0;32mand[0m [0mfnm[0m [0;32min[0m [0mself[0m[0;34m.[0m[0mFF[0m[0;34m.[0m[0mfnms[0m[0;34m:[0m[0;34m[0m[0;34m[0m[0m
[1;32m    330 [0m                        [0;32mcontinue[0m[0;34m[0m[0;34m[0m[0m
[1;32m    331 [0m                    [0mlogger[0m[0;34m.[0m[0merror[0m[0;34m([0m[0;34m"%s doesn't exist"[0m [0;34m%[0m [0mfnm[0m[0;34m)[0m[0;34m[0m[0;34m[0m[0m

ipdb>
